<?xml version="1.0" encoding="UTF-8"?>
<!-- Generated by org.testng.reporters.JUnitReportReporter -->
<testsuite hostname="Kapil" failures="0" tests="1" name="Appium.LongPress" time="12.684" errors="0" timestamp="2024-04-15T17:19:25 EDT" skipped="0">
  <testcase classname="Appium.LongPress" name="test_02" time="12.684"/>
  <system-out/>
</testsuite> <!-- Appium.LongPress -->
