<?xml version="1.0" encoding="UTF-8"?>
<!-- Generated by org.testng.reporters.JUnitReportReporter -->
<testsuite hostname="Kapil" failures="0" tests="1" name="Appium.LongPress_JavaScript" time="12.907" errors="0" timestamp="2024-04-15T17:29:31 EDT" skipped="0">
  <testcase classname="Appium.LongPress_JavaScript" name="test_01" time="12.907"/>
  <system-out/>
</testsuite> <!-- Appium.LongPress_JavaScript -->
