<?xml version="1.0" encoding="UTF-8"?>
<!-- Generated by org.testng.reporters.JUnitReportReporter -->
<testsuite hostname="Kapil" failures="0" tests="1" name="Appium.AppActivity" time="6.657" errors="0" timestamp="2024-04-15T20:37:04 EDT" skipped="0">
  <testcase classname="Appium.AppActivity" name="test_01" time="6.657"/>
  <system-out/>
</testsuite> <!-- Appium.AppActivity -->
