<?xml version="1.0" encoding="UTF-8"?>
<!-- Generated by org.testng.reporters.JUnitReportReporter -->
<testsuite hostname="Kapil" failures="0" tests="1" name="Appium.DragAndDrop" time="19.708" errors="0" timestamp="2024-04-09T16:31:25 EDT" skipped="0">
  <testcase classname="Appium.DragAndDrop" name="test_01" time="19.708"/>
  <system-out/>
</testsuite> <!-- Appium.DragAndDrop -->
