<?xml version="1.0" encoding="UTF-8"?>
<!-- Generated by org.testng.reporters.JUnitReportReporter -->
<testsuite hostname="Kapil" failures="0" tests="1" name="Appium.Extract_Text" time="17.061" errors="0" timestamp="2024-04-15T20:17:28 EDT" skipped="0">
  <testcase classname="Appium.Extract_Text" name="landscapemode" time="17.061"/>
  <system-out/>
</testsuite> <!-- Appium.Extract_Text -->
