<?xml version="1.0" encoding="UTF-8"?>
<!-- Generated by org.testng.reporters.JUnitReportReporter -->
<testsuite hostname="Kapil" failures="0" tests="1" name="Appium.Drawing" time="7.739" errors="0" timestamp="2024-04-15T15:05:44 EDT" skipped="0">
  <testcase classname="Appium.Drawing" name="test_01" time="7.739"/>
  <system-out/>
</testsuite> <!-- Appium.Drawing -->
