<?xml version="1.0" encoding="UTF-8"?>
<!-- Generated by org.testng.reporters.JUnitReportReporter -->
<testsuite hostname="Kapil" failures="0" tests="1" name="Appium.AutoComplete" time="4.036" errors="0" timestamp="2024-04-16T01:08:19 EDT" skipped="0">
  <testcase classname="Appium.AutoComplete" name="test_01" time="4.036"/>
  <system-out/>
</testsuite> <!-- Appium.AutoComplete -->
