<?xml version="1.0" encoding="UTF-8"?>
<!-- Generated by org.testng.reporters.JUnitReportReporter -->
<testsuite hostname="Kapil" failures="0" tests="1" name="Appium.SwipeAndScroll" time="9.979" errors="0" timestamp="2024-04-09T18:36:21 EDT" skipped="0">
  <testcase classname="Appium.SwipeAndScroll" name="test_02" time="9.979"/>
  <system-out/>
</testsuite> <!-- Appium.SwipeAndScroll -->
