<?xml version="1.0" encoding="UTF-8"?>
<!-- Generated by org.testng.reporters.JUnitReportReporter -->
<testsuite hostname="Kapil" failures="0" tests="1" name="Appium.HandleUiElements" time="9.893" errors="0" timestamp="2024-04-08T16:42:31 EDT" skipped="0">
  <testcase classname="Appium.HandleUiElements" name="test_01" time="9.893"/>
  <system-out/>
</testsuite> <!-- Appium.HandleUiElements -->
