<?xml version="1.0" encoding="UTF-8"?>
<!-- Generated by org.testng.reporters.JUnitReportReporter -->
<testsuite hostname="Kapil" failures="0" tests="1" name="Appium.SwipeAndScroll" time="11.938" errors="0" timestamp="2024-04-15T17:47:28 EDT" skipped="0">
  <testcase classname="Appium.SwipeAndScroll" name="test_04" time="11.938"/>
  <system-out/>
</testsuite> <!-- Appium.SwipeAndScroll -->
