<?xml version="1.0" encoding="UTF-8"?>
<!-- Generated by org.testng.reporters.JUnitReportReporter -->
<testsuite hostname="Kapil" failures="0" tests="1" name="Appium.LongPress" time="10.372" errors="0" timestamp="2024-04-09T20:33:14 EDT" skipped="0">
  <testcase classname="Appium.LongPress" name="test_01" time="10.372"/>
  <system-out/>
</testsuite> <!-- Appium.LongPress -->
