<?xml version="1.0" encoding="UTF-8"?>
<!-- Generated by org.testng.reporters.JUnitReportReporter -->
<testsuite hostname="Kapil" failures="0" tests="1" name="Appium.DragAndDrop" time="9.468" errors="0" timestamp="2024-04-15T19:48:14 EDT" skipped="0">
  <testcase classname="Appium.DragAndDrop" name="test_03" time="9.468"/>
  <system-out/>
</testsuite> <!-- Appium.DragAndDrop -->
