<?xml version="1.0" encoding="UTF-8"?>
<!-- Generated by org.testng.reporters.JUnitReportReporter -->
<testsuite hostname="Kapil" failures="0" tests="1" name="Practice.Day1" time="0.176" errors="0" timestamp="2024-04-11T19:14:44 EDT" skipped="0">
  <testcase classname="Practice.Day1" name="test_01" time="0.176"/>
  <system-out/>
</testsuite> <!-- Practice.Day1 -->
